app/build/outputs/logs/manifest-merger-debug-report.txt
-- Merging decision tree log ---
manifest
ADDED from AndroidManifest.xml:1:1
	package
		ADDED from AndroidManifest.xml:2:5
		INJECTED from AndroidManifest.xml:0:0
		INJECTED from AndroidManifest.xml:0:0
	android:versionName
		ADDED from AndroidManifest.xml:5:5
		INJECTED from AndroidManifest.xml:0:0
		INJECTED from AndroidManifest.xml:0:0
	android:versionCode
		ADDED from AndroidManifest.xml:4:5
		INJECTED from AndroidManifest.xml:0:0
		INJECTED from AndroidManifest.xml:0:0
	xmlns:android
		ADDED from AndroidManifest.xml:1:11
	android:installLocation
		ADDED from AndroidManifest.xml:3:5
uses-permission#android.permission.ACCESS_COARSE_LOCATION
ADDED from AndroidManifest.xml:7:5
	android:name
		ADDED from AndroidManifest.xml:7:22
uses-permission#android.permission.ACCESS_FINE_LOCATION
ADDED from AndroidManifest.xml:8:5
	android:name
		ADDED from AndroidManifest.xml:8:22
uses-permission#android.permission.ACCESS_NETWORK_STATE
ADDED from AndroidManifest.xml:9:5
MERGED from com.google.android.gms:play-services-maps:8.3.0:20:5
	android:name
		ADDED from AndroidManifest.xml:9:22
uses-permission#android.permission.INTERNET
ADDED from AndroidManifest.xml:10:5
MERGED from com.google.android.gms:play-services-maps:8.3.0:21:5
	android:name
		ADDED from AndroidManifest.xml:10:22
uses-feature#0x00020000
ADDED from AndroidManifest.xml:12:5
MERGED from com.google.android.gms:play-services-maps:8.3.0:22:5
	android:glEsVersion
		ADDED from AndroidManifest.xml:13:9
	android:required
		ADDED from AndroidManifest.xml:14:9
application
ADDED from AndroidManifest.xml:16:5
MERGED from com.android.support:appcompat-v7:23.4.0:25:5
MERGED from com.android.support:animated-vector-drawable:23.4.0:7:5
MERGED from com.android.support:support-vector-drawable:23.4.0:7:5
MERGED from com.android.support:support-v4:23.4.0:22:5
MERGED from com.android.support:support-v4:23.4.0:22:5
MERGED from com.android.support:support-vector-drawable:23.4.0:7:5
MERGED from com.android.support:support-v4:23.4.0:22:5
MERGED from com.android.support:design:23.4.0:22:5
MERGED from com.android.support:support-v4:23.4.0:22:5
MERGED from com.android.support:appcompat-v7:23.4.0:25:5
MERGED from com.android.support:animated-vector-drawable:23.4.0:7:5
MERGED from com.android.support:support-vector-drawable:23.4.0:7:5
MERGED from com.android.support:support-v4:23.4.0:22:5
MERGED from com.android.support:support-v4:23.4.0:22:5
MERGED from com.android.support:support-vector-drawable:23.4.0:7:5
MERGED from com.android.support:support-v4:23.4.0:22:5
MERGED from com.android.support:support-v4:23.4.0:22:5
MERGED from com.android.support:support-v4:23.4.0:22:5
MERGED from de.hdodenhof:circleimageview:2.1.0:9:5
MERGED from com.google.android.gms:play-services-location:8.3.0:19:5
MERGED from com.google.android.gms:play-services-basement:8.3.0:20:5
MERGED from com.android.support:support-v4:23.4.0:22:5
MERGED from com.google.android.gms:play-services-maps:8.3.0:27:5
MERGED from com.google.android.gms:play-services-basement:8.3.0:20:5
MERGED from com.android.support:support-v4:23.4.0:22:5
	android:label
		ADDED from AndroidManifest.xml:17:9
	android:allowClearUserData
		ADDED from AndroidManifest.xml:20:9
	android:allowBackup
		ADDED from AndroidManifest.xml:16:18
	android:icon
		ADDED from AndroidManifest.xml:18:9
	android:theme
		ADDED from AndroidManifest.xml:19:9
activity#com.drivojoy.drivohelper.activities.SplashActivity
ADDED from AndroidManifest.xml:23:9
	android:screenOrientation
		ADDED from AndroidManifest.xml:24:13
	android:theme
		ADDED from AndroidManifest.xml:25:13
	android:name
		ADDED from AndroidManifest.xml:23:19
intent-filter#android.intent.action.MAIN+android.intent.category.LAUNCHER
ADDED from AndroidManifest.xml:26:13
action#android.intent.action.MAIN
ADDED from AndroidManifest.xml:27:17
	android:name
		ADDED from AndroidManifest.xml:27:25
category#android.intent.category.LAUNCHER
ADDED from AndroidManifest.xml:28:17
	android:name
		ADDED from AndroidManifest.xml:28:27
activity#com.drivojoy.drivohelper.activities.MainActivity
ADDED from AndroidManifest.xml:33:9
	android:screenOrientation
		ADDED from AndroidManifest.xml:34:17
	android:theme
		ADDED from AndroidManifest.xml:35:13
	android:name
		ADDED from AndroidManifest.xml:33:19
activity#com.drivojoy.drivohelper.activities.UrlActivity
ADDED from AndroidManifest.xml:38:9
	android:screenOrientation
		ADDED from AndroidManifest.xml:39:17
	android:configChanges
		ADDED from AndroidManifest.xml:40:13
	android:theme
		ADDED from AndroidManifest.xml:41:13
	android:name
		ADDED from AndroidManifest.xml:38:19
activity#com.drivojoy.drivohelper.activities.MapActivity
ADDED from AndroidManifest.xml:44:9
	android:screenOrientation
		ADDED from AndroidManifest.xml:45:13
	android:name
		ADDED from AndroidManifest.xml:44:19
activity#com.drivojoy.drivohelper.activities.AboutActivity
ADDED from AndroidManifest.xml:48:9
	android:screenOrientation
		ADDED from AndroidManifest.xml:49:13
	android:configChanges
		ADDED from AndroidManifest.xml:50:13
	android:name
		ADDED from AndroidManifest.xml:48:19
service#com.drivojoy.drivohelper.services.GeofenceTransitionsIntentService
ADDED from AndroidManifest.xml:54:9
	android:name
		ADDED from AndroidManifest.xml:54:18
meta-data#com.google.android.geo.API_KEY
ADDED from AndroidManifest.xml:57:9
	android:value
		ADDED from AndroidManifest.xml:59:13
	android:name
		ADDED from AndroidManifest.xml:58:13
uses-sdk
INJECTED from AndroidManifest.xml:0:0 reason: use-sdk injection requested
MERGED from com.android.support:appcompat-v7:23.4.0:21:5
MERGED from com.android.support:animated-vector-drawable:23.4.0:5:5
MERGED from com.android.support:support-vector-drawable:23.4.0:5:5
MERGED from com.android.support:support-v4:23.4.0:20:5
MERGED from com.android.support:support-v4:23.4.0:20:5
MERGED from com.android.support:support-vector-drawable:23.4.0:5:5
MERGED from com.android.support:support-v4:23.4.0:20:5
MERGED from com.jakewharton:butterknife:8.2.1:5:5
MERGED from com.android.support:design:23.4.0:20:5
MERGED from com.android.support:recyclerview-v7:23.4.0:20:5
MERGED from com.android.support:support-v4:23.4.0:20:5
MERGED from com.android.support:appcompat-v7:23.4.0:21:5
MERGED from com.android.support:animated-vector-drawable:23.4.0:5:5
MERGED from com.android.support:support-vector-drawable:23.4.0:5:5
MERGED from com.android.support:support-v4:23.4.0:20:5
MERGED from com.android.support:support-v4:23.4.0:20:5
MERGED from com.android.support:support-vector-drawable:23.4.0:5:5
MERGED from com.android.support:support-v4:23.4.0:20:5
MERGED from com.android.support:support-v4:23.4.0:20:5
MERGED from com.android.support:support-v4:23.4.0:20:5
MERGED from de.hdodenhof:circleimageview:2.1.0:5:5
MERGED from me.drakeet.materialdialog:library:1.3.1:8:5
MERGED from com.google.android.gms:play-services-location:8.3.0:18:5
MERGED from com.google.android.gms:play-services-base:8.3.0:18:5
MERGED from com.google.android.gms:play-services-basement:8.3.0:18:5
MERGED from com.android.support:support-v4:23.4.0:20:5
MERGED from com.google.android.gms:play-services-maps:8.3.0:26:5
MERGED from com.google.android.gms:play-services-base:8.3.0:18:5
MERGED from com.google.android.gms:play-services-basement:8.3.0:18:5
MERGED from com.android.support:support-v4:23.4.0:20:5
	tools:overrideLibrary
		ADDED from com.android.support:appcompat-v7:23.4.0:23:9
	android:targetSdkVersion
		INJECTED from AndroidManifest.xml:0:0
		INJECTED from AndroidManifest.xml:0:0
	android:minSdkVersion
		INJECTED from AndroidManifest.xml:0:0
		INJECTED from AndroidManifest.xml:0:0
meta-data#com.google.android.gms.version
ADDED from com.google.android.gms:play-services-basement:8.3.0:21:9
MERGED from com.google.android.gms:play-services-basement:8.3.0:21:9
	android:value
		ADDED from com.google.android.gms:play-services-basement:8.3.0:23:13
	android:name
		ADDED from com.google.android.gms:play-services-basement:8.3.0:22:13